<?xml version="1.0" encoding="UTF-8"?>
<robot generator="Robot 5.0.1 (Python 3.8.10 on linux)" generated="20220923 15:41:22.970" rpa="false" schemaversion="3">
<suite id="s1" name="APItoken" source="/home/afiq/Besquare/QA/Robotframework/Project/API_Token/APItoken.robot">
<test id="s1-t1" name="Login To Account" line="23">
<kw name="Login To Deriv">
<kw name="Open Browser" library="SeleniumLibrary">
<arg>https://app.deriv.com/</arg>
<arg>Chrome</arg>
<doc>Opens a new browser instance to the optional ``url``.</doc>
<msg timestamp="20220923 15:41:23.056" level="INFO">Opening browser 'Chrome' to base url 'https://app.deriv.com/'.</msg>
<status status="PASS" starttime="20220923 15:41:23.056" endtime="20220923 15:41:30.297"/>
</kw>
<kw name="Maximize Browser Window" library="SeleniumLibrary">
<doc>Maximizes current browser window.</doc>
<status status="PASS" starttime="20220923 15:41:30.297" endtime="20220923 15:41:30.400"/>
</kw>
<kw name="Wait Until Page Contains Element" library="SeleniumLibrary">
<arg>//div[@class='btn-purchase__text_wrapper' and contains(.,'Rise')]</arg>
<arg>30</arg>
<doc>Waits until the element ``locator`` appears on the current page.</doc>
<status status="PASS" starttime="20220923 15:41:30.400" endtime="20220923 15:41:30.413"/>
</kw>
<kw name="Click Element" library="SeleniumLibrary">
<arg>dt_login_button</arg>
<doc>Click the element identified by ``locator``.</doc>
<msg timestamp="20220923 15:41:30.413" level="INFO">Clicking element 'dt_login_button'.</msg>
<status status="PASS" starttime="20220923 15:41:30.413" endtime="20220923 15:41:32.459"/>
</kw>
<kw name="Wait Until Page Contains Element" library="SeleniumLibrary">
<arg>//input[@type='email']</arg>
<arg>10</arg>
<doc>Waits until the element ``locator`` appears on the current page.</doc>
<status status="PASS" starttime="20220923 15:41:32.459" endtime="20220923 15:41:32.469"/>
</kw>
<kw name="Input Text" library="SeleniumLibrary">
<arg>//input[@type='email']</arg>
<arg>mohamad.afiq+3@besquare.com.my</arg>
<doc>Types the given ``text`` into the text field identified by ``locator``.</doc>
<msg timestamp="20220923 15:41:32.470" level="INFO">Typing text 'mohamad.afiq+3@besquare.com.my' into text field '//input[@type='email']'.</msg>
<status status="PASS" starttime="20220923 15:41:32.469" endtime="20220923 15:41:32.521"/>
</kw>
<kw name="Input Text" library="SeleniumLibrary">
<arg>//input[@type='password']</arg>
<arg>@Dtrader123</arg>
<doc>Types the given ``text`` into the text field identified by ``locator``.</doc>
<msg timestamp="20220923 15:41:32.521" level="INFO">Typing text '@Dtrader123' into text field '//input[@type='password']'.</msg>
<status status="PASS" starttime="20220923 15:41:32.521" endtime="20220923 15:41:32.570"/>
</kw>
<kw name="Click Element" library="SeleniumLibrary">
<arg>//button[@type='submit']</arg>
<doc>Click the element identified by ``locator``.</doc>
<msg timestamp="20220923 15:41:32.570" level="INFO">Clicking element '//button[@type='submit']'.</msg>
<status status="PASS" starttime="20220923 15:41:32.570" endtime="20220923 15:41:34.054"/>
</kw>
<kw name="Wait Until Page Contains Element" library="SeleniumLibrary">
<arg>//div[@class='btn-purchase__text_wrapper' and contains(.,'Rise')]</arg>
<arg>30</arg>
<doc>Waits until the element ``locator`` appears on the current page.</doc>
<status status="PASS" starttime="20220923 15:41:34.054" endtime="20220923 15:41:37.184"/>
</kw>
<kw name="Click Element" library="SeleniumLibrary">
<arg>//div[@id='dt_core_account-info_acc-info']</arg>
<doc>Click the element identified by ``locator``.</doc>
<msg timestamp="20220923 15:41:37.185" level="INFO">Clicking element '//div[@id='dt_core_account-info_acc-info']'.</msg>
<status status="PASS" starttime="20220923 15:41:37.184" endtime="20220923 15:41:37.984"/>
</kw>
<kw name="Click Element" library="SeleniumLibrary">
<arg>//li[@id='dt_core_account-switcher_demo-tab']</arg>
<doc>Click the element identified by ``locator``.</doc>
<msg timestamp="20220923 15:41:37.985" level="INFO">Clicking element '//li[@id='dt_core_account-switcher_demo-tab']'.</msg>
<status status="PASS" starttime="20220923 15:41:37.985" endtime="20220923 15:41:38.052"/>
</kw>
<kw name="Click Element" library="SeleniumLibrary">
<arg>//div[@class='dc-content-expander__content']</arg>
<doc>Click the element identified by ``locator``.</doc>
<msg timestamp="20220923 15:41:38.052" level="INFO">Clicking element '//div[@class='dc-content-expander__content']'.</msg>
<status status="PASS" starttime="20220923 15:41:38.052" endtime="20220923 15:41:38.221"/>
</kw>
<status status="PASS" starttime="20220923 15:41:23.055" endtime="20220923 15:41:38.221"/>
</kw>
<status status="PASS" starttime="20220923 15:41:23.055" endtime="20220923 15:41:38.221"/>
</test>
<test id="s1-t2" name="Navigate To API Token Page" line="25">
<kw name="Wait Until Page Contains Element" library="SeleniumLibrary">
<arg>//a[@class="account-settings-toggle"]</arg>
<arg>30</arg>
<doc>Waits until the element ``locator`` appears on the current page.</doc>
<status status="PASS" starttime="20220923 15:41:38.222" endtime="20220923 15:41:38.238"/>
</kw>
<kw name="Sleep" library="BuiltIn">
<arg>10</arg>
<doc>Pauses the test executed for the given time.</doc>
<msg timestamp="20220923 15:41:48.239" level="INFO">Slept 10 seconds</msg>
<status status="PASS" starttime="20220923 15:41:38.238" endtime="20220923 15:41:48.239"/>
</kw>
<kw name="Click Element" library="SeleniumLibrary">
<arg>//a[@class="account-settings-toggle"]</arg>
<doc>Click the element identified by ``locator``.</doc>
<msg timestamp="20220923 15:41:48.240" level="INFO">Clicking element '//a[@class="account-settings-toggle"]'.</msg>
<status status="PASS" starttime="20220923 15:41:48.239" endtime="20220923 15:41:48.362"/>
</kw>
<kw name="Sleep" library="BuiltIn">
<arg>5</arg>
<doc>Pauses the test executed for the given time.</doc>
<msg timestamp="20220923 15:41:53.362" level="INFO">Slept 5 seconds</msg>
<status status="PASS" starttime="20220923 15:41:48.362" endtime="20220923 15:41:53.363"/>
</kw>
<kw name="Click Element" library="SeleniumLibrary">
<arg>//a[@id="dc_api-token_link"]</arg>
<doc>Click the element identified by ``locator``.</doc>
<msg timestamp="20220923 15:41:53.363" level="INFO">Clicking element '//a[@id="dc_api-token_link"]'.</msg>
<status status="PASS" starttime="20220923 15:41:53.363" endtime="20220923 15:41:53.464"/>
</kw>
<status status="PASS" starttime="20220923 15:41:38.221" endtime="20220923 15:41:53.464"/>
</test>
<test id="s1-t3" name="Five API Token Options Are Visible" line="31">
<kw name="Sleep" library="BuiltIn">
<arg>5</arg>
<doc>Pauses the test executed for the given time.</doc>
<msg timestamp="20220923 15:41:58.466" level="INFO">Slept 5 seconds</msg>
<status status="PASS" starttime="20220923 15:41:53.465" endtime="20220923 15:41:58.466"/>
</kw>
<kw name="Page Should Contain Element" library="SeleniumLibrary">
<arg>//.//span[text()='Read']</arg>
<doc>Verifies that element ``locator`` is found on the current page.</doc>
<msg timestamp="20220923 15:41:58.482" level="INFO">Current page contains element '//.//span[text()='Read']'.</msg>
<status status="PASS" starttime="20220923 15:41:58.467" endtime="20220923 15:41:58.483"/>
</kw>
<kw name="Page Should Contain Element" library="SeleniumLibrary">
<arg>//.//span[text()='Trade']</arg>
<doc>Verifies that element ``locator`` is found on the current page.</doc>
<msg timestamp="20220923 15:41:58.491" level="INFO">Current page contains element '//.//span[text()='Trade']'.</msg>
<status status="PASS" starttime="20220923 15:41:58.483" endtime="20220923 15:41:58.491"/>
</kw>
<kw name="Page Should Contain Element" library="SeleniumLibrary">
<arg>//.//span[text()='Payments']</arg>
<doc>Verifies that element ``locator`` is found on the current page.</doc>
<msg timestamp="20220923 15:41:58.498" level="INFO">Current page contains element '//.//span[text()='Payments']'.</msg>
<status status="PASS" starttime="20220923 15:41:58.491" endtime="20220923 15:41:58.498"/>
</kw>
<kw name="Page Should Contain Element" library="SeleniumLibrary">
<arg>//.//span[text()='Trading information']</arg>
<doc>Verifies that element ``locator`` is found on the current page.</doc>
<msg timestamp="20220923 15:41:58.506" level="INFO">Current page contains element '//.//span[text()='Trading information']'.</msg>
<status status="PASS" starttime="20220923 15:41:58.498" endtime="20220923 15:41:58.506"/>
</kw>
<kw name="Page Should Contain Element" library="SeleniumLibrary">
<arg>//.//span[text()='Admin']</arg>
<doc>Verifies that element ``locator`` is found on the current page.</doc>
<msg timestamp="20220923 15:41:58.515" level="INFO">Current page contains element '//.//span[text()='Admin']'.</msg>
<status status="PASS" starttime="20220923 15:41:58.507" endtime="20220923 15:41:58.515"/>
</kw>
<status status="PASS" starttime="20220923 15:41:53.464" endtime="20220923 15:41:58.515"/>
</test>
<test id="s1-t4" name="User Can Click Either One Or Multiple API Token Options" line="38">
<kw name="Click Element" library="SeleniumLibrary">
<arg>//.//span[text()='Read']</arg>
<doc>Click the element identified by ``locator``.</doc>
<msg timestamp="20220923 15:41:58.516" level="INFO">Clicking element '//.//span[text()='Read']'.</msg>
<status status="PASS" starttime="20220923 15:41:58.516" endtime="20220923 15:41:58.571"/>
</kw>
<kw name="Click Element" library="SeleniumLibrary">
<arg>//.//span[text()='Read']</arg>
<doc>Click the element identified by ``locator``.</doc>
<msg timestamp="20220923 15:41:58.571" level="INFO">Clicking element '//.//span[text()='Read']'.</msg>
<status status="PASS" starttime="20220923 15:41:58.571" endtime="20220923 15:41:58.617"/>
</kw>
<kw name="Sleep" library="BuiltIn">
<arg>2</arg>
<doc>Pauses the test executed for the given time.</doc>
<msg timestamp="20220923 15:42:00.618" level="INFO">Slept 2 seconds</msg>
<status status="PASS" starttime="20220923 15:41:58.617" endtime="20220923 15:42:00.618"/>
</kw>
<kw name="Click Element" library="SeleniumLibrary">
<arg>//.//span[text()='Trade']</arg>
<doc>Click the element identified by ``locator``.</doc>
<msg timestamp="20220923 15:42:00.619" level="INFO">Clicking element '//.//span[text()='Trade']'.</msg>
<status status="PASS" starttime="20220923 15:42:00.618" endtime="20220923 15:42:00.667"/>
</kw>
<kw name="Click Element" library="SeleniumLibrary">
<arg>//.//span[text()='Trade']</arg>
<doc>Click the element identified by ``locator``.</doc>
<msg timestamp="20220923 15:42:00.668" level="INFO">Clicking element '//.//span[text()='Trade']'.</msg>
<status status="PASS" starttime="20220923 15:42:00.668" endtime="20220923 15:42:00.704"/>
</kw>
<kw name="Sleep" library="BuiltIn">
<arg>2</arg>
<doc>Pauses the test executed for the given time.</doc>
<msg timestamp="20220923 15:42:02.705" level="INFO">Slept 2 seconds</msg>
<status status="PASS" starttime="20220923 15:42:00.705" endtime="20220923 15:42:02.705"/>
</kw>
<kw name="Click Element" library="SeleniumLibrary">
<arg>//.//span[text()='Payments']</arg>
<doc>Click the element identified by ``locator``.</doc>
<msg timestamp="20220923 15:42:02.706" level="INFO">Clicking element '//.//span[text()='Payments']'.</msg>
<status status="PASS" starttime="20220923 15:42:02.705" endtime="20220923 15:42:02.745"/>
</kw>
<kw name="Click Element" library="SeleniumLibrary">
<arg>//.//span[text()='Payments']</arg>
<doc>Click the element identified by ``locator``.</doc>
<msg timestamp="20220923 15:42:02.746" level="INFO">Clicking element '//.//span[text()='Payments']'.</msg>
<status status="PASS" starttime="20220923 15:42:02.745" endtime="20220923 15:42:02.782"/>
</kw>
<kw name="Sleep" library="BuiltIn">
<arg>2</arg>
<doc>Pauses the test executed for the given time.</doc>
<msg timestamp="20220923 15:42:04.783" level="INFO">Slept 2 seconds</msg>
<status status="PASS" starttime="20220923 15:42:02.783" endtime="20220923 15:42:04.783"/>
</kw>
<kw name="Click Element" library="SeleniumLibrary">
<arg>//.//span[text()='Trading information']</arg>
<doc>Click the element identified by ``locator``.</doc>
<msg timestamp="20220923 15:42:04.784" level="INFO">Clicking element '//.//span[text()='Trading information']'.</msg>
<status status="PASS" starttime="20220923 15:42:04.784" endtime="20220923 15:42:04.835"/>
</kw>
<kw name="Click Element" library="SeleniumLibrary">
<arg>//.//span[text()='Trading information']</arg>
<doc>Click the element identified by ``locator``.</doc>
<msg timestamp="20220923 15:42:04.836" level="INFO">Clicking element '//.//span[text()='Trading information']'.</msg>
<status status="PASS" starttime="20220923 15:42:04.836" endtime="20220923 15:42:04.879"/>
</kw>
<kw name="Sleep" library="BuiltIn">
<arg>2</arg>
<doc>Pauses the test executed for the given time.</doc>
<msg timestamp="20220923 15:42:06.879" level="INFO">Slept 2 seconds</msg>
<status status="PASS" starttime="20220923 15:42:04.879" endtime="20220923 15:42:06.880"/>
</kw>
<kw name="Click Element" library="SeleniumLibrary">
<arg>//.//span[text()='Admin']</arg>
<doc>Click the element identified by ``locator``.</doc>
<msg timestamp="20220923 15:42:06.881" level="INFO">Clicking element '//.//span[text()='Admin']'.</msg>
<status status="PASS" starttime="20220923 15:42:06.880" endtime="20220923 15:42:06.925"/>
</kw>
<kw name="Click Element" library="SeleniumLibrary">
<arg>//.//span[text()='Admin']</arg>
<doc>Click the element identified by ``locator``.</doc>
<msg timestamp="20220923 15:42:06.926" level="INFO">Clicking element '//.//span[text()='Admin']'.</msg>
<status status="PASS" starttime="20220923 15:42:06.925" endtime="20220923 15:42:06.963"/>
</kw>
<kw name="Sleep" library="BuiltIn">
<arg>2</arg>
<doc>Pauses the test executed for the given time.</doc>
<msg timestamp="20220923 15:42:08.964" level="INFO">Slept 2 seconds</msg>
<status status="PASS" starttime="20220923 15:42:06.963" endtime="20220923 15:42:08.964"/>
</kw>
<kw name="Click Element" library="SeleniumLibrary">
<arg>//.//span[text()='Read']</arg>
<doc>Click the element identified by ``locator``.</doc>
<msg timestamp="20220923 15:42:08.965" level="INFO">Clicking element '//.//span[text()='Read']'.</msg>
<status status="PASS" starttime="20220923 15:42:08.964" endtime="20220923 15:42:09.005"/>
</kw>
<kw name="Click Element" library="SeleniumLibrary">
<arg>//.//span[text()='Trade']</arg>
<doc>Click the element identified by ``locator``.</doc>
<msg timestamp="20220923 15:42:09.005" level="INFO">Clicking element '//.//span[text()='Trade']'.</msg>
<status status="PASS" starttime="20220923 15:42:09.005" endtime="20220923 15:42:09.041"/>
</kw>
<kw name="Click Element" library="SeleniumLibrary">
<arg>//.//span[text()='Payments']</arg>
<doc>Click the element identified by ``locator``.</doc>
<msg timestamp="20220923 15:42:09.041" level="INFO">Clicking element '//.//span[text()='Payments']'.</msg>
<status status="PASS" starttime="20220923 15:42:09.041" endtime="20220923 15:42:09.076"/>
</kw>
<kw name="Click Element" library="SeleniumLibrary">
<arg>//.//span[text()='Trading information']</arg>
<doc>Click the element identified by ``locator``.</doc>
<msg timestamp="20220923 15:42:09.076" level="INFO">Clicking element '//.//span[text()='Trading information']'.</msg>
<status status="PASS" starttime="20220923 15:42:09.076" endtime="20220923 15:42:09.108"/>
</kw>
<kw name="Click Element" library="SeleniumLibrary">
<arg>//.//span[text()='Admin']</arg>
<doc>Click the element identified by ``locator``.</doc>
<msg timestamp="20220923 15:42:09.109" level="INFO">Clicking element '//.//span[text()='Admin']'.</msg>
<status status="PASS" starttime="20220923 15:42:09.109" endtime="20220923 15:42:09.142"/>
</kw>
<kw name="Sleep" library="BuiltIn">
<arg>2</arg>
<doc>Pauses the test executed for the given time.</doc>
<msg timestamp="20220923 15:42:11.142" level="INFO">Slept 2 seconds</msg>
<status status="PASS" starttime="20220923 15:42:09.142" endtime="20220923 15:42:11.142"/>
</kw>
<status status="PASS" starttime="20220923 15:41:58.515" endtime="20220923 15:42:11.143"/>
</test>
<test id="s1-t5" name="User Validate The Token Name Field With Negative Testing" line="60">
<kw name="Click Element" library="SeleniumLibrary">
<arg>//input[@name="token_name"]</arg>
<doc>Click the element identified by ``locator``.</doc>
<msg timestamp="20220923 15:42:11.143" level="INFO">Clicking element '//input[@name="token_name"]'.</msg>
<status status="PASS" starttime="20220923 15:42:11.143" endtime="20220923 15:42:11.189"/>
</kw>
<kw name="Input Text" library="SeleniumLibrary">
<arg>//input[@name="token_name"]</arg>
<arg>APItokenAPItokenAPItokenAPItokenAPItoken</arg>
<doc>Types the given ``text`` into the text field identified by ``locator``.</doc>
<msg timestamp="20220923 15:42:11.189" level="INFO">Typing text 'APItokenAPItokenAPItokenAPItokenAPItoken' into text field '//input[@name="token_name"]'.</msg>
<status status="PASS" starttime="20220923 15:42:11.189" endtime="20220923 15:42:11.518"/>
</kw>
<kw name="Page Should Contain Element" library="SeleniumLibrary">
<arg>//.//div[text()='Maximum 32 characters.']</arg>
<doc>Verifies that element ``locator`` is found on the current page.</doc>
<msg timestamp="20220923 15:42:11.526" level="INFO">Current page contains element '//.//div[text()='Maximum 32 characters.']'.</msg>
<status status="PASS" starttime="20220923 15:42:11.518" endtime="20220923 15:42:11.526"/>
</kw>
<kw name="Press Keys" library="SeleniumLibrary">
<arg>//input[@name="token_name"]</arg>
<arg>CTRL+a+BACKSPACE</arg>
<doc>Simulates the user pressing key(s) to an element or on the active browser.</doc>
<msg timestamp="20220923 15:42:11.527" level="INFO">Sending key(s) ('CTRL+a+BACKSPACE',) to //input[@name="token_name"] element.</msg>
<msg timestamp="20220923 15:42:11.829" level="INFO">Pressing special key CONTROL down.</msg>
<msg timestamp="20220923 15:42:11.829" level="INFO">Sending key a</msg>
<msg timestamp="20220923 15:42:11.829" level="INFO">Pressing special key BACKSPACE down.</msg>
<msg timestamp="20220923 15:42:11.829" level="INFO">Releasing special key CONTROL.</msg>
<msg timestamp="20220923 15:42:11.829" level="INFO">Releasing special key BACKSPACE.</msg>
<status status="PASS" starttime="20220923 15:42:11.526" endtime="20220923 15:42:11.856"/>
</kw>
<kw name="Input Text" library="SeleniumLibrary">
<arg>//input[@name="token_name"]</arg>
<arg>APItoken%&amp;</arg>
<doc>Types the given ``text`` into the text field identified by ``locator``.</doc>
<msg timestamp="20220923 15:42:11.857" level="INFO">Typing text 'APItoken%&amp;' into text field '//input[@name="token_name"]'.</msg>
<status status="PASS" starttime="20220923 15:42:11.856" endtime="20220923 15:42:11.941"/>
</kw>
<kw name="Page Should Contain Element" library="SeleniumLibrary">
<arg>//.//div[text()='Only letters, numbers, and underscores are allowed.']</arg>
<doc>Verifies that element ``locator`` is found on the current page.</doc>
<msg timestamp="20220923 15:42:11.955" level="INFO">Current page contains element '//.//div[text()='Only letters, numbers, and underscores are allowed.']'.</msg>
<status status="PASS" starttime="20220923 15:42:11.942" endtime="20220923 15:42:11.955"/>
</kw>
<kw name="Press Keys" library="SeleniumLibrary">
<arg>//input[@name="token_name"]</arg>
<arg>CTRL+a+BACKSPACE</arg>
<doc>Simulates the user pressing key(s) to an element or on the active browser.</doc>
<msg timestamp="20220923 15:42:11.956" level="INFO">Sending key(s) ('CTRL+a+BACKSPACE',) to //input[@name="token_name"] element.</msg>
<msg timestamp="20220923 15:42:12.239" level="INFO">Pressing special key CONTROL down.</msg>
<msg timestamp="20220923 15:42:12.239" level="INFO">Sending key a</msg>
<msg timestamp="20220923 15:42:12.239" level="INFO">Pressing special key BACKSPACE down.</msg>
<msg timestamp="20220923 15:42:12.239" level="INFO">Releasing special key CONTROL.</msg>
<msg timestamp="20220923 15:42:12.239" level="INFO">Releasing special key BACKSPACE.</msg>
<status status="PASS" starttime="20220923 15:42:11.955" endtime="20220923 15:42:12.270"/>
</kw>
<kw name="Input Text" library="SeleniumLibrary">
<arg>//input[@name="token_name"]</arg>
<arg>Äöü</arg>
<doc>Types the given ``text`` into the text field identified by ``locator``.</doc>
<msg timestamp="20220923 15:42:12.271" level="INFO">Typing text 'Äöü' into text field '//input[@name="token_name"]'.</msg>
<status status="PASS" starttime="20220923 15:42:12.270" endtime="20220923 15:42:12.316"/>
</kw>
<kw name="Page Should Contain Element" library="SeleniumLibrary">
<arg>//.//div[text()='Only letters, numbers, and underscores are allowed.']</arg>
<doc>Verifies that element ``locator`` is found on the current page.</doc>
<msg timestamp="20220923 15:42:12.322" level="INFO">Current page contains element '//.//div[text()='Only letters, numbers, and underscores are allowed.']'.</msg>
<status status="PASS" starttime="20220923 15:42:12.316" endtime="20220923 15:42:12.322"/>
</kw>
<kw name="Press Keys" library="SeleniumLibrary">
<arg>//input[@name="token_name"]</arg>
<arg>CTRL+a+BACKSPACE</arg>
<doc>Simulates the user pressing key(s) to an element or on the active browser.</doc>
<msg timestamp="20220923 15:42:12.322" level="INFO">Sending key(s) ('CTRL+a+BACKSPACE',) to //input[@name="token_name"] element.</msg>
<msg timestamp="20220923 15:42:12.594" level="INFO">Pressing special key CONTROL down.</msg>
<msg timestamp="20220923 15:42:12.594" level="INFO">Sending key a</msg>
<msg timestamp="20220923 15:42:12.594" level="INFO">Pressing special key BACKSPACE down.</msg>
<msg timestamp="20220923 15:42:12.594" level="INFO">Releasing special key CONTROL.</msg>
<msg timestamp="20220923 15:42:12.594" level="INFO">Releasing special key BACKSPACE.</msg>
<status status="PASS" starttime="20220923 15:42:12.322" endtime="20220923 15:42:12.623"/>
</kw>
<kw name="Input Text" library="SeleniumLibrary">
<arg>//input[@name="token_name"]</arg>
<arg>我不知道</arg>
<doc>Types the given ``text`` into the text field identified by ``locator``.</doc>
<msg timestamp="20220923 15:42:12.624" level="INFO">Typing text '我不知道' into text field '//input[@name="token_name"]'.</msg>
<status status="PASS" starttime="20220923 15:42:12.623" endtime="20220923 15:42:12.677"/>
</kw>
<kw name="Page Should Contain Element" library="SeleniumLibrary">
<arg>//.//div[text()='Only letters, numbers, and underscores are allowed.']</arg>
<doc>Verifies that element ``locator`` is found on the current page.</doc>
<msg timestamp="20220923 15:42:12.683" level="INFO">Current page contains element '//.//div[text()='Only letters, numbers, and underscores are allowed.']'.</msg>
<status status="PASS" starttime="20220923 15:42:12.677" endtime="20220923 15:42:12.683"/>
</kw>
<kw name="Press Keys" library="SeleniumLibrary">
<arg>//input[@name="token_name"]</arg>
<arg>CTRL+a+BACKSPACE</arg>
<doc>Simulates the user pressing key(s) to an element or on the active browser.</doc>
<msg timestamp="20220923 15:42:12.684" level="INFO">Sending key(s) ('CTRL+a+BACKSPACE',) to //input[@name="token_name"] element.</msg>
<msg timestamp="20220923 15:42:12.954" level="INFO">Pressing special key CONTROL down.</msg>
<msg timestamp="20220923 15:42:12.954" level="INFO">Sending key a</msg>
<msg timestamp="20220923 15:42:12.954" level="INFO">Pressing special key BACKSPACE down.</msg>
<msg timestamp="20220923 15:42:12.954" level="INFO">Releasing special key CONTROL.</msg>
<msg timestamp="20220923 15:42:12.954" level="INFO">Releasing special key BACKSPACE.</msg>
<status status="PASS" starttime="20220923 15:42:12.683" endtime="20220923 15:42:12.989"/>
</kw>
<kw name="Input Text" library="SeleniumLibrary">
<arg>//input[@name="token_name"]</arg>
<arg>A</arg>
<doc>Types the given ``text`` into the text field identified by ``locator``.</doc>
<msg timestamp="20220923 15:42:12.990" level="INFO">Typing text 'A' into text field '//input[@name="token_name"]'.</msg>
<status status="PASS" starttime="20220923 15:42:12.990" endtime="20220923 15:42:13.024"/>
</kw>
<kw name="Page Should Contain Element" library="SeleniumLibrary">
<arg>//.//div[text()='Length of token name must be between 2 and 32 characters.']</arg>
<doc>Verifies that element ``locator`` is found on the current page.</doc>
<msg timestamp="20220923 15:42:13.032" level="INFO">Current page contains element '//.//div[text()='Length of token name must be between 2 and 32 characters.']'.</msg>
<status status="PASS" starttime="20220923 15:42:13.024" endtime="20220923 15:42:13.032"/>
</kw>
<kw name="Press Keys" library="SeleniumLibrary">
<arg>//input[@name="token_name"]</arg>
<arg>CTRL+a+BACKSPACE</arg>
<doc>Simulates the user pressing key(s) to an element or on the active browser.</doc>
<msg timestamp="20220923 15:42:13.033" level="INFO">Sending key(s) ('CTRL+a+BACKSPACE',) to //input[@name="token_name"] element.</msg>
<msg timestamp="20220923 15:42:13.306" level="INFO">Pressing special key CONTROL down.</msg>
<msg timestamp="20220923 15:42:13.307" level="INFO">Sending key a</msg>
<msg timestamp="20220923 15:42:13.307" level="INFO">Pressing special key BACKSPACE down.</msg>
<msg timestamp="20220923 15:42:13.307" level="INFO">Releasing special key CONTROL.</msg>
<msg timestamp="20220923 15:42:13.307" level="INFO">Releasing special key BACKSPACE.</msg>
<status status="PASS" starttime="20220923 15:42:13.032" endtime="20220923 15:42:13.335"/>
</kw>
<status status="PASS" starttime="20220923 15:42:11.143" endtime="20220923 15:42:13.335"/>
</test>
<test id="s1-t6" name="User Validate The Token Name Field With Positive Testing" line="77">
<kw name="Click Element" library="SeleniumLibrary">
<arg>//.//span[text()='Payments']</arg>
<doc>Click the element identified by ``locator``.</doc>
<msg timestamp="20220923 15:42:13.336" level="INFO">Clicking element '//.//span[text()='Payments']'.</msg>
<status status="PASS" starttime="20220923 15:42:13.336" endtime="20220923 15:42:13.371"/>
</kw>
<kw name="Click Element" library="SeleniumLibrary">
<arg>//.//span[text()='Trade']</arg>
<doc>Click the element identified by ``locator``.</doc>
<msg timestamp="20220923 15:42:13.371" level="INFO">Clicking element '//.//span[text()='Trade']'.</msg>
<status status="PASS" starttime="20220923 15:42:13.371" endtime="20220923 15:42:13.410"/>
</kw>
<kw name="Input Text" library="SeleniumLibrary">
<arg>//input[@name="token_name"]</arg>
<arg>test_token123</arg>
<doc>Types the given ``text`` into the text field identified by ``locator``.</doc>
<msg timestamp="20220923 15:42:13.411" level="INFO">Typing text 'test_token123' into text field '//input[@name="token_name"]'.</msg>
<status status="PASS" starttime="20220923 15:42:13.410" endtime="20220923 15:42:13.536"/>
</kw>
<kw name="Page Should Contain Element" library="SeleniumLibrary">
<arg>//button[@class="dc-btn dc-btn__effect dc-btn--primary dc-btn__large dc-btn__button-group da-api-token__button"]</arg>
<doc>Verifies that element ``locator`` is found on the current page.</doc>
<msg timestamp="20220923 15:42:13.546" level="INFO">Current page contains element '//button[@class="dc-btn dc-btn__effect dc-btn--primary dc-btn__large dc-btn__button-group da-api-token__button"]'.</msg>
<status status="PASS" starttime="20220923 15:42:13.536" endtime="20220923 15:42:13.546"/>
</kw>
<kw name="Sleep" library="BuiltIn">
<arg>5</arg>
<doc>Pauses the test executed for the given time.</doc>
<msg timestamp="20220923 15:42:18.547" level="INFO">Slept 5 seconds</msg>
<status status="PASS" starttime="20220923 15:42:13.546" endtime="20220923 15:42:18.547"/>
</kw>
<status status="PASS" starttime="20220923 15:42:13.336" endtime="20220923 15:42:18.547"/>
</test>
<test id="s1-t7" name="User Validate Whether The Token Create Follows The API Token Chosen" line="83">
<kw name="Click Element" library="SeleniumLibrary">
<arg>//button[@class="dc-btn dc-btn__effect dc-btn--primary dc-btn__large dc-btn__button-group da-api-token__button"]</arg>
<doc>Click the element identified by ``locator``.</doc>
<msg timestamp="20220923 15:42:18.549" level="INFO">Clicking element '//button[@class="dc-btn dc-btn__effect dc-btn--primary dc-btn__large dc-btn__button-group da-api-token__button"]'.</msg>
<status status="PASS" starttime="20220923 15:42:18.549" endtime="20220923 15:42:18.618"/>
</kw>
<kw name="Sleep" library="BuiltIn">
<arg>5</arg>
<doc>Pauses the test executed for the given time.</doc>
<msg timestamp="20220923 15:42:23.618" level="INFO">Slept 5 seconds</msg>
<status status="PASS" starttime="20220923 15:42:18.618" endtime="20220923 15:42:23.619"/>
</kw>
<kw name="Page Should Contain Element" library="SeleniumLibrary">
<arg>//.//span[text()='test_token123']</arg>
<doc>Verifies that element ``locator`` is found on the current page.</doc>
<msg timestamp="20220923 15:42:23.635" level="INFO">Current page contains element '//.//span[text()='test_token123']'.</msg>
<status status="PASS" starttime="20220923 15:42:23.619" endtime="20220923 15:42:23.635"/>
</kw>
<kw name="Page Should Contain Element" library="SeleniumLibrary">
<arg>//.//div[text()='Read']</arg>
<doc>Verifies that element ``locator`` is found on the current page.</doc>
<msg timestamp="20220923 15:42:23.644" level="INFO">Current page contains element '//.//div[text()='Read']'.</msg>
<status status="PASS" starttime="20220923 15:42:23.635" endtime="20220923 15:42:23.644"/>
</kw>
<kw name="Page Should Contain Element" library="SeleniumLibrary">
<arg>//.//div[text()='Trading information']</arg>
<doc>Verifies that element ``locator`` is found on the current page.</doc>
<msg timestamp="20220923 15:42:23.652" level="INFO">Current page contains element '//.//div[text()='Trading information']'.</msg>
<status status="PASS" starttime="20220923 15:42:23.644" endtime="20220923 15:42:23.652"/>
</kw>
<kw name="Page Should Contain Element" library="SeleniumLibrary">
<arg>//.//div[text()='Admin']</arg>
<doc>Verifies that element ``locator`` is found on the current page.</doc>
<msg timestamp="20220923 15:42:23.661" level="INFO">Current page contains element '//.//div[text()='Admin']'.</msg>
<status status="PASS" starttime="20220923 15:42:23.652" endtime="20220923 15:42:23.661"/>
</kw>
<status status="PASS" starttime="20220923 15:42:18.548" endtime="20220923 15:42:23.662"/>
</test>
<test id="s1-t8" name="User Validate If The Created API Token Can Be Copied" line="90">
<kw name="Sleep" library="BuiltIn">
<arg>5</arg>
<doc>Pauses the test executed for the given time.</doc>
<msg timestamp="20220923 15:42:28.663" level="INFO">Slept 5 seconds</msg>
<status status="PASS" starttime="20220923 15:42:23.662" endtime="20220923 15:42:28.663"/>
</kw>
<kw name="Click Element" library="SeleniumLibrary">
<arg>//*[contains(@data-testid, "dt_copy_token_icon")]</arg>
<doc>Click the element identified by ``locator``.</doc>
<msg timestamp="20220923 15:42:28.664" level="INFO">Clicking element '//*[contains(@data-testid, "dt_copy_token_icon")]'.</msg>
<status status="PASS" starttime="20220923 15:42:28.663" endtime="20220923 15:42:28.720"/>
</kw>
<status status="PASS" starttime="20220923 15:42:23.662" endtime="20220923 15:42:28.720"/>
</test>
<test id="s1-t9" name="The Token Is Not Visible Unless The User Clicks To Show It" line="93">
<kw name="Sleep" library="BuiltIn">
<arg>5</arg>
<doc>Pauses the test executed for the given time.</doc>
<msg timestamp="20220923 15:42:33.721" level="INFO">Slept 5 seconds</msg>
<status status="PASS" starttime="20220923 15:42:28.721" endtime="20220923 15:42:33.721"/>
</kw>
<kw name="Page Should Contain Element" library="SeleniumLibrary">
<arg>//div[@class="da-api-token__pass-dot-container"]</arg>
<doc>Verifies that element ``locator`` is found on the current page.</doc>
<msg timestamp="20220923 15:42:33.735" level="INFO">Current page contains element '//div[@class="da-api-token__pass-dot-container"]'.</msg>
<status status="PASS" starttime="20220923 15:42:33.722" endtime="20220923 15:42:33.735"/>
</kw>
<kw name="Click Element" library="SeleniumLibrary">
<arg>//button[@class="dc-btn dc-btn__effect dc-btn--primary dc-btn__large dc-dialog__button"]</arg>
<doc>Click the element identified by ``locator``.</doc>
<msg timestamp="20220923 15:42:33.736" level="INFO">Clicking element '//button[@class="dc-btn dc-btn__effect dc-btn--primary dc-btn__large dc-dialog__button"]'.</msg>
<status status="PASS" starttime="20220923 15:42:33.735" endtime="20220923 15:42:33.782"/>
</kw>
<kw name="Click Element" library="SeleniumLibrary">
<arg>//*[contains(@data-testid, "dt_toggle_visibility_icon")]</arg>
<doc>Click the element identified by ``locator``.</doc>
<msg timestamp="20220923 15:42:33.783" level="INFO">Clicking element '//*[contains(@data-testid, "dt_toggle_visibility_icon")]'.</msg>
<status status="PASS" starttime="20220923 15:42:33.782" endtime="20220923 15:42:34.065"/>
</kw>
<status status="PASS" starttime="20220923 15:42:28.720" endtime="20220923 15:42:34.066"/>
</test>
<test id="s1-t10" name="Delete The API Token" line="98">
<kw name="Sleep" library="BuiltIn">
<arg>3</arg>
<doc>Pauses the test executed for the given time.</doc>
<msg timestamp="20220923 15:42:37.067" level="INFO">Slept 3 seconds</msg>
<status status="PASS" starttime="20220923 15:42:34.067" endtime="20220923 15:42:37.067"/>
</kw>
<kw name="Click Element" library="SeleniumLibrary">
<arg>//*[contains(@class, "dc-icon dc-clipboard da-api-token__delete-icon")]</arg>
<doc>Click the element identified by ``locator``.</doc>
<msg timestamp="20220923 15:42:37.068" level="INFO">Clicking element '//*[contains(@class, "dc-icon dc-clipboard da-api-token__delete-icon")]'.</msg>
<status status="PASS" starttime="20220923 15:42:37.067" endtime="20220923 15:42:37.125"/>
</kw>
<kw name="Click Element" library="SeleniumLibrary">
<arg>//button[@class="dc-btn dc-btn__effect dc-btn--secondary dc-btn__large dc-dialog__button"]</arg>
<doc>Click the element identified by ``locator``.</doc>
<msg timestamp="20220923 15:42:37.127" level="INFO">Clicking element '//button[@class="dc-btn dc-btn__effect dc-btn--secondary dc-btn__large dc-dialog__button"]'.</msg>
<status status="PASS" starttime="20220923 15:42:37.126" endtime="20220923 15:42:37.421"/>
</kw>
<kw name="Sleep" library="BuiltIn">
<arg>2</arg>
<doc>Pauses the test executed for the given time.</doc>
<msg timestamp="20220923 15:42:39.421" level="INFO">Slept 2 seconds</msg>
<status status="PASS" starttime="20220923 15:42:37.421" endtime="20220923 15:42:39.421"/>
</kw>
<kw name="Click Element" library="SeleniumLibrary">
<arg>//*[contains(@class, "dc-icon dc-clipboard da-api-token__delete-icon")]</arg>
<doc>Click the element identified by ``locator``.</doc>
<msg timestamp="20220923 15:42:39.422" level="INFO">Clicking element '//*[contains(@class, "dc-icon dc-clipboard da-api-token__delete-icon")]'.</msg>
<status status="PASS" starttime="20220923 15:42:39.422" endtime="20220923 15:42:39.458"/>
</kw>
<kw name="Click Element" library="SeleniumLibrary">
<arg>//button[@class="dc-btn dc-btn__effect dc-btn--primary dc-btn__large dc-dialog__button"]</arg>
<doc>Click the element identified by ``locator``.</doc>
<msg timestamp="20220923 15:42:39.459" level="INFO">Clicking element '//button[@class="dc-btn dc-btn__effect dc-btn--primary dc-btn__large dc-dialog__button"]'.</msg>
<status status="PASS" starttime="20220923 15:42:39.459" endtime="20220923 15:42:39.742"/>
</kw>
<kw name="Sleep" library="BuiltIn">
<arg>5</arg>
<doc>Pauses the test executed for the given time.</doc>
<msg timestamp="20220923 15:42:44.742" level="INFO">Slept 5 seconds</msg>
<status status="PASS" starttime="20220923 15:42:39.742" endtime="20220923 15:42:44.743"/>
</kw>
<kw name="Page Should Not Contain Element" library="SeleniumLibrary">
<arg>//.//span[text()='test_token123']</arg>
<doc>Verifies that element ``locator`` is not found on the current page.</doc>
<msg timestamp="20220923 15:42:44.754" level="INFO">Current page does not contain element '//.//span[text()='test_token123']'.</msg>
<status status="PASS" starttime="20220923 15:42:44.743" endtime="20220923 15:42:44.754"/>
</kw>
<status status="PASS" starttime="20220923 15:42:34.066" endtime="20220923 15:42:44.755"/>
</test>
<test id="s1-t11" name="Check Whether Sharing Token Warning Is Given If User Does Not Opt For Admin Token" line="107">
<kw name="Click Element" library="SeleniumLibrary">
<arg>//.//span[text()='Read']</arg>
<doc>Click the element identified by ``locator``.</doc>
<msg timestamp="20220923 15:42:44.755" level="INFO">Clicking element '//.//span[text()='Read']'.</msg>
<status status="PASS" starttime="20220923 15:42:44.755" endtime="20220923 15:42:44.796"/>
</kw>
<kw name="Input Text" library="SeleniumLibrary">
<arg>//input[@name="token_name"]</arg>
<arg>final_token</arg>
<doc>Types the given ``text`` into the text field identified by ``locator``.</doc>
<msg timestamp="20220923 15:42:44.797" level="INFO">Typing text 'final_token' into text field '//input[@name="token_name"]'.</msg>
<status status="PASS" starttime="20220923 15:42:44.797" endtime="20220923 15:42:44.920"/>
</kw>
<kw name="Click Element" library="SeleniumLibrary">
<arg>//button[@class="dc-btn dc-btn__effect dc-btn--primary dc-btn__large dc-btn__button-group da-api-token__button"]</arg>
<doc>Click the element identified by ``locator``.</doc>
<msg timestamp="20220923 15:42:44.921" level="INFO">Clicking element '//button[@class="dc-btn dc-btn__effect dc-btn--primary dc-btn__large dc-btn__button-group da-api-token__button"]'.</msg>
<status status="PASS" starttime="20220923 15:42:44.920" endtime="20220923 15:42:44.978"/>
</kw>
<kw name="Sleep" library="BuiltIn">
<arg>5</arg>
<doc>Pauses the test executed for the given time.</doc>
<msg timestamp="20220923 15:42:49.979" level="INFO">Slept 5 seconds</msg>
<status status="PASS" starttime="20220923 15:42:44.979" endtime="20220923 15:42:49.979"/>
</kw>
<kw name="Page Should Not Contain" library="SeleniumLibrary">
<arg>//div[@class="dc-modal-body"]</arg>
<doc>Verifies the current page does not contain ``text``.</doc>
<msg timestamp="20220923 15:42:50.081" level="INFO">Current page does not contain text '//div[@class="dc-modal-body"]'.</msg>
<status status="PASS" starttime="20220923 15:42:49.980" endtime="20220923 15:42:50.082"/>
</kw>
<kw name="Click Element" library="SeleniumLibrary">
<arg>//*[contains(@class, "dc-icon dc-clipboard da-api-token__delete-icon")]</arg>
<doc>Click the element identified by ``locator``.</doc>
<msg timestamp="20220923 15:42:50.082" level="INFO">Clicking element '//*[contains(@class, "dc-icon dc-clipboard da-api-token__delete-icon")]'.</msg>
<status status="PASS" starttime="20220923 15:42:50.082" endtime="20220923 15:42:50.128"/>
</kw>
<kw name="Click Element" library="SeleniumLibrary">
<arg>//button[@class="dc-btn dc-btn__effect dc-btn--primary dc-btn__large dc-dialog__button"]</arg>
<doc>Click the element identified by ``locator``.</doc>
<msg timestamp="20220923 15:42:50.129" level="INFO">Clicking element '//button[@class="dc-btn dc-btn__effect dc-btn--primary dc-btn__large dc-dialog__button"]'.</msg>
<status status="PASS" starttime="20220923 15:42:50.129" endtime="20220923 15:42:50.419"/>
</kw>
<status status="PASS" starttime="20220923 15:42:44.755" endtime="20220923 15:42:50.419"/>
</test>
<status status="PASS" starttime="20220923 15:41:22.971" endtime="20220923 15:42:50.420"/>
</suite>
<statistics>
<total>
<stat pass="11" fail="0" skip="0">All Tests</stat>
</total>
<tag>
</tag>
<suite>
<stat pass="11" fail="0" skip="0" id="s1" name="APItoken">APItoken</stat>
</suite>
</statistics>
<errors>
</errors>
</robot>
